<?xml version="1.0" encoding="UTF-8"?>
<!-- Generated by org.testng.reporters.JUnitReportReporter -->
<testsuite hostname="Harsha" name="com.apps.AppiumTest.AppiumMessengerTest" tests="2" failures="0" timestamp="22 May 2016 05:28:37 GMT" time="39.217" errors="1">
  <testcase name="messageAppTest" time="17.245" classname="com.apps.AppiumTest.AppiumMessengerTest"/>
  <testcase name="messageAppTest" time="21.972" classname="com.apps.AppiumTest.AppiumMessengerTest">
    <error type="org.openqa.selenium.NoSuchElementException" message="An element could not be located on the page using the given search parameters. (WARNING: The server did not provide any stacktrace information)
Command duration or timeout: 20.87 seconds
For documentation on this error, please visit: http://seleniumhq.org/exceptions/no_such_element.html
Build info: version: &#039;2.53.0&#039;, revision: &#039;35ae25b&#039;, time: &#039;2016-03-15 16:57:40&#039;
System info: host: &#039;Harsha&#039;, ip: &#039;192.168.113.2&#039;, os.name: &#039;Windows 10&#039;, os.arch: &#039;amd64&#039;, os.version: &#039;10.0&#039;, java.version: &#039;1.8.0_65&#039;
Driver info: io.appium.java_client.android.AndroidDriver
Capabilities [{appPackage=com.android.mms, networkConnectionEnabled=true, warnings={}, databaseEnabled=false, deviceName=192.168.113.102:5555, platform=LINUX, appActivity=com.android.mms.ui.ConversationList, desired={appActivity=com.android.mms.ui.ConversationList, appPackage=com.android.mms, newCommandTimeout=1000, platformVersion=5.1.0, browserName=Emulator_5.1.0, platformName=Android, udid=192.168.113.102:5555, deviceName=192.168.113.102:5555}, newCommandTimeout=1000, platformVersion=5.1, webStorageEnabled=false, locationContextEnabled=false, browserName=Emulator_5.1.0, takesScreenshot=true, javascriptEnabled=true, platformName=Android, udid=192.168.113.102:5555}]
Session ID: be6b5149-2646-4ca7-a4e0-488cec5b5dba
*** Element info: {Using=id, value=com.android.mms:id/floating_action_button}">
      <![CDATA[org.openqa.selenium.NoSuchElementException: An element could not be located on the page using the given search parameters. (WARNING: The server did not provide any stacktrace information)
Command duration or timeout: 20.87 seconds
For documentation on this error, please visit: http://seleniumhq.org/exceptions/no_such_element.html
Build info: version: '2.53.0', revision: '35ae25b', time: '2016-03-15 16:57:40'
System info: host: 'Harsha', ip: '192.168.113.2', os.name: 'Windows 10', os.arch: 'amd64', os.version: '10.0', java.version: '1.8.0_65'
Driver info: io.appium.java_client.android.AndroidDriver
Capabilities [{appPackage=com.android.mms, networkConnectionEnabled=true, warnings={}, databaseEnabled=false, deviceName=192.168.113.102:5555, platform=LINUX, appActivity=com.android.mms.ui.ConversationList, desired={appActivity=com.android.mms.ui.ConversationList, appPackage=com.android.mms, newCommandTimeout=1000, platformVersion=5.1.0, browserName=Emulator_5.1.0, platformName=Android, udid=192.168.113.102:5555, deviceName=192.168.113.102:5555}, newCommandTimeout=1000, platformVersion=5.1, webStorageEnabled=false, locationContextEnabled=false, browserName=Emulator_5.1.0, takesScreenshot=true, javascriptEnabled=true, platformName=Android, udid=192.168.113.102:5555}]
Session ID: be6b5149-2646-4ca7-a4e0-488cec5b5dba
*** Element info: {Using=id, value=com.android.mms:id/floating_action_button}
	at sun.reflect.NativeConstructorAccessorImpl.newInstance0(Native Method)
	at sun.reflect.NativeConstructorAccessorImpl.newInstance(NativeConstructorAccessorImpl.java:62)
	at sun.reflect.DelegatingConstructorAccessorImpl.newInstance(DelegatingConstructorAccessorImpl.java:45)
	at java.lang.reflect.Constructor.newInstance(Constructor.java:422)
	at org.openqa.selenium.remote.ErrorHandler.createThrowable(ErrorHandler.java:206)
	at org.openqa.selenium.remote.ErrorHandler.throwIfResponseFailed(ErrorHandler.java:158)
	at org.openqa.selenium.remote.RemoteWebDriver.execute(RemoteWebDriver.java:678)
	at io.appium.java_client.DefaultGenericMobileDriver.execute(DefaultGenericMobileDriver.java:42)
	at io.appium.java_client.AppiumDriver.execute(AppiumDriver.java:1)
	at io.appium.java_client.android.AndroidDriver.execute(AndroidDriver.java:1)
	at org.openqa.selenium.remote.RemoteWebDriver.findElement(RemoteWebDriver.java:363)
	at org.openqa.selenium.remote.RemoteWebDriver.findElementById(RemoteWebDriver.java:413)
	at io.appium.java_client.DefaultGenericMobileDriver.findElementById(DefaultGenericMobileDriver.java:62)
	at io.appium.java_client.AppiumDriver.findElementById(AppiumDriver.java:1)
	at io.appium.java_client.android.AndroidDriver.findElementById(AndroidDriver.java:1)
	at org.openqa.selenium.By$ById.findElement(By.java:218)
	at org.openqa.selenium.remote.RemoteWebDriver.findElement(RemoteWebDriver.java:355)
	at io.appium.java_client.DefaultGenericMobileDriver.findElement(DefaultGenericMobileDriver.java:52)
	at io.appium.java_client.AppiumDriver.findElement(AppiumDriver.java:1)
	at io.appium.java_client.android.AndroidDriver.findElement(AndroidDriver.java:1)
	at com.apps.AppiumTest.AppiumMessengerTest.messageAppTest(AppiumMessengerTest.java:42)
	at sun.reflect.NativeMethodAccessorImpl.invoke0(Native Method)
	at sun.reflect.NativeMethodAccessorImpl.invoke(NativeMethodAccessorImpl.java:62)
	at sun.reflect.DelegatingMethodAccessorImpl.invoke(DelegatingMethodAccessorImpl.java:43)
	at java.lang.reflect.Method.invoke(Method.java:497)
	at org.testng.internal.MethodInvocationHelper.invokeMethod(MethodInvocationHelper.java:85)
	at org.testng.internal.Invoker.invokeMethod(Invoker.java:639)
	at org.testng.internal.Invoker.invokeTestMethod(Invoker.java:816)
	at org.testng.internal.Invoker.invokeTestMethods(Invoker.java:1124)
	at org.testng.internal.TestMethodWorker.invokeTestMethods(TestMethodWorker.java:125)
	at org.testng.internal.TestMethodWorker.run(TestMethodWorker.java:108)
	at org.testng.TestRunner.privateRun(TestRunner.java:774)
	at org.testng.TestRunner.run(TestRunner.java:624)
	at org.testng.SuiteRunner.runTest(SuiteRunner.java:359)
	at org.testng.SuiteRunner.access$000(SuiteRunner.java:39)
	at org.testng.SuiteRunner$SuiteWorker.run(SuiteRunner.java:393)
	at org.testng.internal.thread.ThreadUtil$2.call(ThreadUtil.java:64)
	at java.util.concurrent.FutureTask.run(FutureTask.java:266)
	at java.util.concurrent.ThreadPoolExecutor.runWorker(ThreadPoolExecutor.java:1142)
	at java.util.concurrent.ThreadPoolExecutor$Worker.run(ThreadPoolExecutor.java:617)
	at java.lang.Thread.run(Thread.java:745)
]]>
    </error>
  </testcase> <!-- messageAppTest -->
</testsuite> <!-- com.apps.AppiumTest.AppiumMessengerTest -->
