<?xml version="1.0" encoding="UTF-8" standalone="yes"?>
<ns2:test-suite start="1469379047464" stop="1469379184425" xmlns:ns2="urn:model.allure.qatools.yandex.ru">
    <name>Default Suite : AppiumTest</name>
    <title>Default Suite : AppiumTest</title>
    <test-cases>
        <test-case start="1469379047704" stop="1469379047735" status="pending">
            <name>f</name>
            <failure>
                <message>Test not implemented yet</message>
                <stack-trace>There are no stack trace</stack-trace>
            </failure>
            <steps/>
            <attachments/>
            <labels>
                <label name="host" value="Harsha"/>
                <label name="thread" value="13124@Harsha.main(1)"/>
            </labels>
        </test-case>
        <test-case start="1469379070704" stop="1469379184176" status="broken">
            <name>scroll</name>
            <failure>
                <message>SessionNotFoundException: 
Command duration or timeout: 43 milliseconds
Build info: version: '2.52.0', revision: '4c2593cfc3689a7fcd7be52549167e5ccc93ad28', time: '2016-02-11 11:22:43'
System info: host: 'Harsha', ip: '192.168.136.1', os.name: 'Windows 10', os.arch: 'amd64', os.version: '10.0', java.version: '1.8.0_65'
Driver info: io.appium.java_client.android.AndroidDriver
Capabilities [{appPackage=com.example.android.apis, networkConnectionEnabled=true, warnings={}, autoDismissAlerts=false, databaseEnabled=false, deviceName=192.168.113.101:5555, platform=LINUX, appActivity=com.example.android.apis.ApiDemos, desired={appActivity=com.example.android.apis.ApiDemos, appPackage=com.example.android.apis, newCommandTimeout=30, platformVersion=5.1.0, autoDismissAlerts=false, platformName=Android, udid=192.168.113.101:5555, deviceName=192.168.113.101:5555}, newCommandTimeout=30, platformVersion=5.1, webStorageEnabled=false, locationContextEnabled=false, browserName=Android, takesScreenshot=true, javascriptEnabled=true, platformName=Android, udid=192.168.113.101:5555}]
Session ID: 4e82b008-f134-4e69-a011-3f62ba328e0b
*** Element info: {Using=xpath, value=//a[conatins(text(),'Hello')]}</message>
                <stack-trace>org.openqa.selenium.remote.SessionNotFoundException: 
Command duration or timeout: 43 milliseconds
Build info: version: '2.52.0', revision: '4c2593cfc3689a7fcd7be52549167e5ccc93ad28', time: '2016-02-11 11:22:43'
System info: host: 'Harsha', ip: '192.168.136.1', os.name: 'Windows 10', os.arch: 'amd64', os.version: '10.0', java.version: '1.8.0_65'
Driver info: io.appium.java_client.android.AndroidDriver
Capabilities [{appPackage=com.example.android.apis, networkConnectionEnabled=true, warnings={}, autoDismissAlerts=false, databaseEnabled=false, deviceName=192.168.113.101:5555, platform=LINUX, appActivity=com.example.android.apis.ApiDemos, desired={appActivity=com.example.android.apis.ApiDemos, appPackage=com.example.android.apis, newCommandTimeout=30, platformVersion=5.1.0, autoDismissAlerts=false, platformName=Android, udid=192.168.113.101:5555, deviceName=192.168.113.101:5555}, newCommandTimeout=30, platformVersion=5.1, webStorageEnabled=false, locationContextEnabled=false, browserName=Android, takesScreenshot=true, javascriptEnabled=true, platformName=Android, udid=192.168.113.101:5555}]
Session ID: 4e82b008-f134-4e69-a011-3f62ba328e0b
*** Element info: {Using=xpath, value=//a[conatins(text(),'Hello')]}
	at sun.reflect.NativeConstructorAccessorImpl.newInstance0(Native Method)
	at sun.reflect.NativeConstructorAccessorImpl.newInstance(NativeConstructorAccessorImpl.java:62)
	at sun.reflect.DelegatingConstructorAccessorImpl.newInstance(DelegatingConstructorAccessorImpl.java:45)
	at java.lang.reflect.Constructor.newInstance(Constructor.java:422)
	at org.openqa.selenium.remote.ErrorHandler.createThrowable(ErrorHandler.java:206)
	at org.openqa.selenium.remote.ErrorHandler.throwIfResponseFailed(ErrorHandler.java:164)
	at org.openqa.selenium.remote.RemoteWebDriver.execute(RemoteWebDriver.java:678)
	at io.appium.java_client.DefaultGenericMobileDriver.execute(DefaultGenericMobileDriver.java:42)
	at io.appium.java_client.AppiumDriver.execute(AppiumDriver.java:1)
	at io.appium.java_client.android.AndroidDriver.execute(AndroidDriver.java:1)
	at org.openqa.selenium.remote.RemoteWebDriver.findElement(RemoteWebDriver.java:363)
	at org.openqa.selenium.remote.RemoteWebDriver.findElementByXPath(RemoteWebDriver.java:500)
	at io.appium.java_client.DefaultGenericMobileDriver.findElementByXPath(DefaultGenericMobileDriver.java:132)
	at io.appium.java_client.AppiumDriver.findElementByXPath(AppiumDriver.java:1)
	at io.appium.java_client.android.AndroidDriver.findElementByXPath(AndroidDriver.java:1)
	at org.openqa.selenium.By$ByXPath.findElement(By.java:361)
	at org.openqa.selenium.remote.RemoteWebDriver.findElement(RemoteWebDriver.java:355)
	at io.appium.java_client.DefaultGenericMobileDriver.findElement(DefaultGenericMobileDriver.java:52)
	at io.appium.java_client.AppiumDriver.findElement(AppiumDriver.java:1)
	at io.appium.java_client.android.AndroidDriver.findElement(AndroidDriver.java:1)
	at com.apps.AppiumTest.ApiDemoTest.lambda$scroll$0(ApiDemoTest.java:71)
	at java.lang.Iterable.forEach(Iterable.java:75)
	at com.apps.AppiumTest.ApiDemoTest.scroll(ApiDemoTest.java:65)
	at sun.reflect.NativeMethodAccessorImpl.invoke0(Native Method)
	at sun.reflect.NativeMethodAccessorImpl.invoke(NativeMethodAccessorImpl.java:62)
	at sun.reflect.DelegatingMethodAccessorImpl.invoke(DelegatingMethodAccessorImpl.java:43)
	at java.lang.reflect.Method.invoke(Method.java:497)
	at org.testng.internal.MethodInvocationHelper.invokeMethod(MethodInvocationHelper.java:85)
	at org.testng.internal.Invoker.invokeMethod(Invoker.java:659)
	at org.testng.internal.Invoker.invokeTestMethod(Invoker.java:845)
	at org.testng.internal.Invoker.invokeTestMethods(Invoker.java:1153)
	at org.testng.internal.TestMethodWorker.invokeTestMethods(TestMethodWorker.java:125)
	at org.testng.internal.TestMethodWorker.run(TestMethodWorker.java:108)
	at org.testng.TestRunner.privateRun(TestRunner.java:771)
	at org.testng.TestRunner.run(TestRunner.java:621)
	at org.testng.SuiteRunner.runTest(SuiteRunner.java:357)
	at org.testng.SuiteRunner.runSequentially(SuiteRunner.java:352)
	at org.testng.SuiteRunner.privateRun(SuiteRunner.java:310)
	at org.testng.SuiteRunner.run(SuiteRunner.java:259)
	at org.testng.SuiteRunnerWorker.runSuite(SuiteRunnerWorker.java:52)
	at org.testng.SuiteRunnerWorker.run(SuiteRunnerWorker.java:86)
	at org.testng.TestNG.runSuitesSequentially(TestNG.java:1199)
	at org.testng.TestNG.runSuitesLocally(TestNG.java:1124)
	at org.testng.TestNG.run(TestNG.java:1032)
	at org.testng.IDEARemoteTestNG.run(IDEARemoteTestNG.java:72)
	at org.testng.RemoteTestNGStarter.main(RemoteTestNGStarter.java:122)
	at sun.reflect.NativeMethodAccessorImpl.invoke0(Native Method)
	at sun.reflect.NativeMethodAccessorImpl.invoke(NativeMethodAccessorImpl.java:62)
	at sun.reflect.DelegatingMethodAccessorImpl.invoke(DelegatingMethodAccessorImpl.java:43)
	at java.lang.reflect.Method.invoke(Method.java:497)
	at com.intellij.rt.execution.application.AppMain.main(AppMain.java:144)
</stack-trace>
            </failure>
            <steps/>
            <attachments/>
            <labels>
                <label name="host" value="Harsha"/>
                <label name="thread" value="13124@Harsha.main(1)"/>
            </labels>
        </test-case>
    </test-cases>
    <labels>
        <label name="framework" value="TestNG"/>
        <label name="language" value="JAVA"/>
    </labels>
</ns2:test-suite>
