<?xml version="1.0" encoding="UTF-8"?>
<testng-results skipped="1" failed="0" total="1" passed="0">
  <reporter-output>
  </reporter-output>
  <suite name="Default suite" duration-ms="71676" started-at="2016-05-24T15:22:09Z" finished-at="2016-05-24T15:23:21Z">
    <groups>
    </groups>
    <test name="Default test" duration-ms="71676" started-at="2016-05-24T15:22:09Z" finished-at="2016-05-24T15:23:21Z">
      <class name="com.apps.AppiumTest.MultiTouchSwipe">
        <test-method status="FAIL" signature="beforeTest()[pri:0, instance:com.apps.AppiumTest.MultiTouchSwipe@4e04a765]" name="beforeTest" is-config="true" duration-ms="0" started-at="2016-05-24T20:52:09Z" finished-at="2016-05-24T20:52:09Z">
          <exception class="org.openqa.selenium.SessionNotCreatedException">
            <message>
              <![CDATA[{"status":33,"value":{"message":"A new session could not be created. (Original error: Activity used to start app doesn't exist or cannot be launched! Make sure it exists and is a launchable activity)","origValue":"Activity used to start app doesn't exist or cannot be launched! Make sure it exists and is a launchable activity"},"sessionId":null}
Build info: version: 'unknown', revision: 'unknown', time: 'unknown'
System info: host: '3a5970f9c20f', ip: '172.17.0.4', os.name: 'Linux', os.arch: 'amd64', os.version: '4.2.0-35-generic', java.version: '1.8.0_77'
Driver info: driver.version: unknown
Command duration or timeout: 70.10 seconds
Build info: version: '2.53.0', revision: '35ae25b', time: '2016-03-15 16:57:40'
System info: host: 'Harsha', ip: '192.168.113.2', os.name: 'Windows 10', os.arch: 'amd64', os.version: '10.0', java.version: '1.8.0_65'
Driver info: io.appium.java_client.android.AndroidDriver]]>
            </message>
            <full-stacktrace>
              <![CDATA[org.openqa.selenium.SessionNotCreatedException: {"status":33,"value":{"message":"A new session could not be created. (Original error: Activity used to start app doesn't exist or cannot be launched! Make sure it exists and is a launchable activity)","origValue":"Activity used to start app doesn't exist or cannot be launched! Make sure it exists and is a launchable activity"},"sessionId":null}
Build info: version: 'unknown', revision: 'unknown', time: 'unknown'
System info: host: '3a5970f9c20f', ip: '172.17.0.4', os.name: 'Linux', os.arch: 'amd64', os.version: '4.2.0-35-generic', java.version: '1.8.0_77'
Driver info: driver.version: unknown
Command duration or timeout: 70.10 seconds
Build info: version: '2.53.0', revision: '35ae25b', time: '2016-03-15 16:57:40'
System info: host: 'Harsha', ip: '192.168.113.2', os.name: 'Windows 10', os.arch: 'amd64', os.version: '10.0', java.version: '1.8.0_65'
Driver info: io.appium.java_client.android.AndroidDriver
	at sun.reflect.NativeConstructorAccessorImpl.newInstance0(Native Method)
	at sun.reflect.NativeConstructorAccessorImpl.newInstance(NativeConstructorAccessorImpl.java:62)
	at sun.reflect.DelegatingConstructorAccessorImpl.newInstance(DelegatingConstructorAccessorImpl.java:45)
	at java.lang.reflect.Constructor.newInstance(Constructor.java:422)
	at org.openqa.selenium.remote.ErrorHandler.createThrowable(ErrorHandler.java:206)
	at org.openqa.selenium.remote.ErrorHandler.throwIfResponseFailed(ErrorHandler.java:158)
	at org.openqa.selenium.remote.RemoteWebDriver.execute(RemoteWebDriver.java:678)
	at io.appium.java_client.DefaultGenericMobileDriver.execute(DefaultGenericMobileDriver.java:42)
	at io.appium.java_client.AppiumDriver.execute(AppiumDriver.java:1)
	at io.appium.java_client.android.AndroidDriver.execute(AndroidDriver.java:1)
	at org.openqa.selenium.remote.RemoteWebDriver.startSession(RemoteWebDriver.java:249)
	at org.openqa.selenium.remote.RemoteWebDriver.<init>(RemoteWebDriver.java:131)
	at org.openqa.selenium.remote.RemoteWebDriver.<init>(RemoteWebDriver.java:144)
	at io.appium.java_client.DefaultGenericMobileDriver.<init>(DefaultGenericMobileDriver.java:37)
	at io.appium.java_client.AppiumDriver.<init>(AppiumDriver.java:162)
	at io.appium.java_client.AppiumDriver.<init>(AppiumDriver.java:171)
	at io.appium.java_client.android.AndroidDriver.<init>(AndroidDriver.java:72)
	at com.apps.AppiumTest.MultiTouchSwipe.beforeTest(MultiTouchSwipe.java:85)
	at sun.reflect.NativeMethodAccessorImpl.invoke0(Native Method)
	at sun.reflect.NativeMethodAccessorImpl.invoke(NativeMethodAccessorImpl.java:62)
	at sun.reflect.DelegatingMethodAccessorImpl.invoke(DelegatingMethodAccessorImpl.java:43)
	at java.lang.reflect.Method.invoke(Method.java:497)
	at org.testng.internal.MethodInvocationHelper.invokeMethod(MethodInvocationHelper.java:85)
	at org.testng.internal.Invoker.invokeConfigurationMethod(Invoker.java:510)
	at org.testng.internal.Invoker.invokeConfigurations(Invoker.java:211)
	at org.testng.internal.Invoker.invokeConfigurations(Invoker.java:138)
	at org.testng.TestRunner.beforeRun(TestRunner.java:648)
	at org.testng.TestRunner.run(TestRunner.java:616)
	at org.testng.SuiteRunner.runTest(SuiteRunner.java:359)
	at org.testng.SuiteRunner.runSequentially(SuiteRunner.java:354)
	at org.testng.SuiteRunner.privateRun(SuiteRunner.java:312)
	at org.testng.SuiteRunner.run(SuiteRunner.java:261)
	at org.testng.SuiteRunnerWorker.runSuite(SuiteRunnerWorker.java:52)
	at org.testng.SuiteRunnerWorker.run(SuiteRunnerWorker.java:86)
	at org.testng.TestNG.runSuitesSequentially(TestNG.java:1215)
	at org.testng.TestNG.runSuitesLocally(TestNG.java:1140)
	at org.testng.TestNG.run(TestNG.java:1048)
	at org.testng.remote.RemoteTestNG.run(RemoteTestNG.java:112)
	at org.testng.remote.RemoteTestNG.initAndRun(RemoteTestNG.java:205)
	at org.testng.remote.RemoteTestNG.main(RemoteTestNG.java:176)
Caused by: org.openqa.selenium.SessionNotCreatedException: {"status":33,"value":{"message":"A new session could not be created. (Original error: Activity used to start app doesn't exist or cannot be launched! Make sure it exists and is a launchable activity)","origValue":"Activity used to start app doesn't exist or cannot be launched! Make sure it exists and is a launchable activity"},"sessionId":null}
Build info: version: 'unknown', revision: 'unknown', time: 'unknown'
System info: host: '3a5970f9c20f', ip: '172.17.0.4', os.name: 'Linux', os.arch: 'amd64', os.version: '4.2.0-35-generic', java.version: '1.8.0_77'
Driver info: driver.version: unknown
Build info: version: '2.53.0', revision: '35ae25b', time: '2016-03-15 16:57:40'
System info: host: 'Harsha', ip: '192.168.113.2', os.name: 'Windows 10', os.arch: 'amd64', os.version: '10.0', java.version: '1.8.0_65'
Driver info: driver.version: unknown
]]>
            </full-stacktrace>
          </exception> <!-- org.openqa.selenium.SessionNotCreatedException -->
          <reporter-output>
          </reporter-output>
        </test-method> <!-- beforeTest -->
        <test-method status="SKIP" signature="messageAppTest()[pri:0, instance:com.apps.AppiumTest.MultiTouchSwipe@4e04a765]" name="messageAppTest" duration-ms="1" started-at="2016-05-24T20:53:21Z" finished-at="2016-05-24T20:53:21Z">
          <reporter-output>
          </reporter-output>
        </test-method> <!-- messageAppTest -->
        <test-method status="SKIP" signature="afterTest()[pri:0, instance:com.apps.AppiumTest.MultiTouchSwipe@4e04a765]" name="afterTest" is-config="true" duration-ms="0" started-at="2016-05-24T20:53:21Z" finished-at="2016-05-24T20:53:21Z">
          <reporter-output>
          </reporter-output>
        </test-method> <!-- afterTest -->
      </class> <!-- com.apps.AppiumTest.MultiTouchSwipe -->
    </test> <!-- Default test -->
  </suite> <!-- Default suite -->
</testng-results>
